Build started 2012-11-22 14:54:11.
     1>Project "C:\Users\Mattias\Documents\Programmering\Prototyping\LibRocket\PA2505-Stort-Spelprojekt-Prototyp\LibRocket\shell\shell.vcxproj" on node 2 (rebuild target(s)).
     1>_PrepareForClean:
         Deleting file "Release\shell.lastbuildstate".
       InitializeBuildStatus:
         Creating "Release\shell.unsuccessfulbuild" because "AlwaysCreate" was specified.
       ClCompile:
         C:\Program Files (x86)\Microsoft Visual Studio 10.0\VC\bin\CL.exe /c /Zi /nologo /W4 /WX- /O2 /Oy- /D NDEBUG /Gm- /EHsc /MD /GS /fp:precise /Zc:wchar_t /Zc:forScope /Fo"Release\\" /Fd"Release\vc100.pdb" /Gd /TP /analyze- /errorReport:prompt src\Input.cpp src\InputWin32.cpp src\Shell.cpp src\ShellFileInterface.cpp src\ShellSystemInterface.cpp src\ShellWin32.cpp
         Input.cpp
         InputWin32.cpp
         Shell.cpp
         ShellFileInterface.cpp
         ShellSystemInterface.cpp
         ShellWin32.cpp
         Generating Code...
       Lib:
         C:\Program Files (x86)\Microsoft Visual Studio 10.0\VC\bin\Lib.exe /OUT:"C:\Users\Mattias\Documents\Programmering\Prototyping\LibRocket\PA2505-Stort-Spelprojekt-Prototyp\LibRocket\shell\Release\shell.lib" /NOLOGO Release\Input.obj
         Release\InputWin32.obj
         Release\Shell.obj
         Release\ShellFileInterface.obj
         Release\ShellSystemInterface.obj
         Release\ShellWin32.obj
         shell.vcxproj -> C:\Users\Mattias\Documents\Programmering\Prototyping\LibRocket\PA2505-Stort-Spelprojekt-Prototyp\LibRocket\shell\Release\shell.lib
       FinalizeBuildStatus:
         Deleting file "Release\shell.unsuccessfulbuild".
         Touching "Release\shell.lastbuildstate".
     1>Done Building Project "C:\Users\Mattias\Documents\Programmering\Prototyping\LibRocket\PA2505-Stort-Spelprojekt-Prototyp\LibRocket\shell\shell.vcxproj" (rebuild target(s)).

Build succeeded.

Time Elapsed 00:00:02.87
