Build started 2012-11-22 14:57:13.
     1>Project "C:\Users\Mattias\Documents\Programmering\Prototyping\LibRocket\PA2505-Stort-Spelprojekt-Prototyp\LibRocket\directx\DirectX.vcxproj" on node 2 (build target(s)).
     1>InitializeBuildStatus:
         Touching "Release\DirectX.unsuccessfulbuild".
       ClCompile:
         C:\Program Files (x86)\Microsoft Visual Studio 10.0\VC\bin\CL.exe /c /Zi /nologo /W4 /WX- /O2 /Oy- /D WIN32 /D NDEBUG /D _UNICODE /D UNICODE /Gm- /EHsc /MD /GS /fp:precise /Zc:wchar_t /Zc:forScope /Fo"Release\\" /Fd"Release\vc100.pdb" /Gd /TP /analyze- /errorReport:prompt src\Texture.cpp
         Texture.cpp
       Link:
         C:\Program Files (x86)\Microsoft Visual Studio 10.0\VC\bin\link.exe /ERRORREPORT:PROMPT /OUT:"Release\DirectX.exe" /NOLOGO /LIBPATH:../External/Rocket/bin RocketCore.lib RocketControls.lib RocketDebugger.lib shell.lib d3d10.lib d3dx10.lib d3d11.lib d3dx11.lib Effects11.lib kernel32.lib user32.lib gdi32.lib winspool.lib comdlg32.lib advapi32.lib shell32.lib ole32.lib oleaut32.lib uuid.lib odbc32.lib odbccp32.lib /MANIFEST /ManifestFile:"Release\DirectX.exe.intermediate.manifest" /MANIFESTUAC:"level='asInvoker' uiAccess='false'" /DEBUG /PDB:"C:\Users\Mattias\Documents\Programmering\Prototyping\LibRocket\PA2505-Stort-Spelprojekt-Prototyp\LibRocket\directx\Release\DirectX.pdb" /SUBSYSTEM:WINDOWS /TLBID:1 /DYNAMICBASE:NO /IMPLIB:"C:\Users\Mattias\Documents\Programmering\Prototyping\LibRocket\PA2505-Stort-Spelprojekt-Prototyp\LibRocket\directx\Release\DirectX.lib" /MACHINE:X86 Release\ElementGame.obj
         Release\Event.obj
         Release\EventHandler.obj
         Release\EventHandlerOptions.obj
         Release\EventHandlerStartGame.obj
         Release\EventInstancer.obj
         Release\EventManager.obj
         Release\GameStats.obj
         Release\main.obj
         Release\RenderInterfaceDx11.obj
         Release\Texture.obj
         Effects11.lib(EffectAPI.obj) : MSIL .netmodule or module compiled with /GL found; restarting link with /LTCG; add /LTCG to the link command line to improve linker performance
            Creating library C:\Users\Mattias\Documents\Programmering\Prototyping\LibRocket\PA2505-Stort-Spelprojekt-Prototyp\LibRocket\directx\Release\DirectX.lib and object C:\Users\Mattias\Documents\Programmering\Prototyping\LibRocket\PA2505-Stort-Spelprojekt-Prototyp\LibRocket\directx\Release\DirectX.exp
     1>Effects11.lib(EffectLoad.obj) : error LNK2001: unresolved external symbol _D3DGetInputSignatureBlob@12
     1>Effects11.lib(EffectLoad.obj) : error LNK2001: unresolved external symbol _D3DReflect@16
     1>Release\DirectX.exe : fatal error LNK1120: 2 unresolved externals
     1>Done Building Project "C:\Users\Mattias\Documents\Programmering\Prototyping\LibRocket\PA2505-Stort-Spelprojekt-Prototyp\LibRocket\directx\DirectX.vcxproj" (build target(s)) -- FAILED.

Build FAILED.

Time Elapsed 00:00:02.06
