Build started 2012-11-21 14:05:32.
     1>Project "C:\Project\Prototyper\XAudio2\3d_tech\3D_tech.vcxproj" on node 2 (build target(s)).
     1>InitializeBuildStatus:
         Creating "Debug\3D_tech.unsuccessfulbuild" because "AlwaysCreate" was specified.
       ClCompile:
         C:\Program Files (x86)\Microsoft Visual Studio 10.0\VC\bin\CL.exe /c /ZI /nologo /W3 /WX- /Od /Oy- /D _UNICODE /D UNICODE /Gm /EHsc /RTC1 /MDd /GS /fp:precise /Zc:wchar_t /Zc:forScope /Fo"Debug\\" /Fd"Debug\vc100.pdb" /Gd /TP /analyze- /errorReport:prompt Source\GameLogic.cpp Source\InputHandler.cpp Source\SoundComp.cpp Source\main.cpp
         InputHandler.cpp
         Generating Code...
         Skipping... (no relevant changes detected)
         main.cpp
         SoundComp.cpp
         GameLogic.cpp
       Link:
         C:\Program Files (x86)\Microsoft Visual Studio 10.0\VC\bin\link.exe /ERRORREPORT:PROMPT /OUT:"C:\Project\Prototyper\XAudio2\Debug\3D_tech.exe" /NOLOGO kernel32.lib user32.lib gdi32.lib winspool.lib comdlg32.lib advapi32.lib shell32.lib ole32.lib oleaut32.lib uuid.lib odbc32.lib odbccp32.lib /MANIFEST /ManifestFile:"Debug\3D_tech.exe.intermediate.manifest" /MANIFESTUAC:"level='asInvoker' uiAccess='false'" /DEBUG /PDB:"C:\Project\Prototyper\XAudio2\Debug\3D_tech.pdb" /TLBID:1 /DYNAMICBASE /NXCOMPAT /IMPLIB:"C:\Project\Prototyper\XAudio2\Debug\3D_tech.lib" /MACHINE:X86 Debug\Box.obj
         Debug\HUD.obj
         Debug\Font.obj
         Debug\LowPass.obj
         Debug\MovementComp.obj
         Debug\ObjectRenderer.obj
         Debug\SFX.obj
         Debug\Camera.obj
         Debug\DeferredRender.obj
         Debug\GameLogic.obj
         Debug\Heightmap.obj
         Debug\KeyListener.obj
         Debug\main.obj
         Debug\InputHandler.obj
         Debug\SoundComp.obj
         Debug\SoundEffect.obj
         Debug\SoundManager.obj
         LINK : C:\Project\Prototyper\XAudio2\Debug\3D_tech.exe not found or not built by the last incremental link; performing full link
         3D_tech.vcxproj -> C:\Project\Prototyper\XAudio2\Debug\3D_tech.exe
       Manifest:
         C:\Program Files (x86)\Microsoft SDKs\Windows\v7.0A\bin\mt.exe /nologo /verbose /outputresource:"C:\Project\Prototyper\XAudio2\Debug\3D_tech.exe;#1" /manifest Debug\3D_tech.exe.intermediate.manifest
       FinalizeBuildStatus:
         Deleting file "Debug\3D_tech.unsuccessfulbuild".
         Touching "Debug\3D_tech.lastbuildstate".
     1>Done Building Project "C:\Project\Prototyper\XAudio2\3d_tech\3D_tech.vcxproj" (build target(s)).

Build succeeded.

Time Elapsed 00:00:01.15
